<?xml version="1.0" encoding="UTF-8"?>
<!-- Generated by org.testng.reporters.JUnitXMLReporter -->
<testsuite hostname="DESKTOP-CIDJKM0" ignored="0" name="Default test" tests="4" failures="0" timestamp="23 Mar 2020 21:56:19 GMT" time="0.089" errors="0">
  <testcase name="divideTest" time="0.025" classname="calculator.CalculatorTest"/>
  <testcase name="multiplyTest" time="0.006" classname="calculator.CalculatorTest"/>
  <testcase name="subtractTest" time="0.002" classname="calculator.CalculatorTest"/>
  <testcase name="sumTest" time="0.004" classname="calculator.CalculatorTest"/>
</testsuite> <!-- Default test -->
