<?xml version="1.0" encoding="UTF-8"?>
<!-- Generated by org.testng.reporters.JUnitXMLReporter -->
<testsuite hostname="DESKTOP-77SCKED" ignored="0" name="Default test" tests="5" failures="0" timestamp="27 Mar 2020 01:17:56 GMT" time="0.037" errors="0">
  <testcase name="divideTest" time="0.008" classname="calculator_Test.CalculatorTest"/>
  <testcase name="multiplyTest" time="0.001" classname="calculator_Test.CalculatorTest"/>
  <testcase name="subtractTest" time="0.001" classname="calculator_Test.CalculatorTest"/>
  <testcase name="sumTest" time="0.001" classname="calculator_Test.CalculatorTest"/>
  <testcase name="a_sumMultiply" time="0.001" classname="calculator_Test.CalculatorTest"/>
</testsuite> <!-- Default test -->
