<?xml version="1.0" encoding="UTF-8"?>
<!-- Generated by org.testng.reporters.JUnitXMLReporter -->
<testsuite hostname="DESKTOP-77SCKED" ignored="0" name="Test" tests="21" failures="0" timestamp="27 Mar 2020 02:47:50 GMT" time="0.11" errors="0">
  <testcase name="multiplyTest" time="0.009" classname="calculator_Imp.CalculatorTest"/>
  <testcase name="divideTest" time="0.002" classname="calculator_Test.CalculatorTest"/>
  <testcase name="multiplyTest" time="0.001" classname="calculator_Test.CalculatorTest"/>
  <testcase name="subtractTest" time="0.002" classname="calculator_Test.CalculatorTest"/>
  <testcase name="sumTest" time="0.001" classname="calculator_Test.CalculatorTest"/>
  <testcase name="a_sumMultiply" time="0.001" classname="calculator_Test.CalculatorTest"/>
  <testcase name="divideTest" time="0.001" classname="calculator_Test.CalculatorTest23"/>
  <testcase name="multiplyTest" time="0.001" classname="calculator_Test.CalculatorTest23"/>
  <testcase name="subtractTest" time="0.001" classname="calculator_Test.CalculatorTest23"/>
  <testcase name="sumTest" time="0.0" classname="calculator_Test.CalculatorTest23"/>
  <testcase name="a_sumMultiply" time="0.001" classname="calculator_Test.CalculatorTest23"/>
  <testcase name="divideTest" time="0.001" classname="calculator_Test.CalculatorTest56"/>
  <testcase name="multiplyTest" time="0.001" classname="calculator_Test.CalculatorTest56"/>
  <testcase name="subtractTest" time="0.003" classname="calculator_Test.CalculatorTest56"/>
  <testcase name="sumTest" time="0.0" classname="calculator_Test.CalculatorTest56"/>
  <testcase name="a_sumMultiply" time="0.002" classname="calculator_Test.CalculatorTest56"/>
  <testcase name="divideTest" time="0.001" classname="calculator_Test.CalculatorTest55"/>
  <testcase name="multiplyTest" time="0.002" classname="calculator_Test.CalculatorTest55"/>
  <testcase name="subtractTest" time="0.002" classname="calculator_Test.CalculatorTest55"/>
  <testcase name="sumTest" time="0.001" classname="calculator_Test.CalculatorTest55"/>
  <testcase name="a_sumMultiply" time="0.003" classname="calculator_Test.CalculatorTest55"/>
</testsuite> <!-- Test -->
