<?xml version="1.0" encoding="UTF-8"?>
<!-- Generated by org.testng.reporters.JUnitReportReporter -->
<testsuite skipped="0" hostname="DESKTOP-77SCKED" name="calculator.CalculatorTest" tests="10" failures="0" timestamp="2020-04-02T20:05:43 PDT" time="0.019" errors="0">
  <testcase name="sumTest" time="0.002" classname="calculator.CalculatorTest"/>
  <system-out/>
  <testcase name="teddyTest" time="0.000" classname="calculator.CalculatorTest"/>
  <system-out/>
  <testcase name="anduAlemTest" time="0.010" classname="calculator.CalculatorTest"/>
  <system-out/>
  <testcase name="azebTest" time="0.001" classname="calculator.CalculatorTest"/>
  <system-out/>
  <testcase name="eyerusalemTest" time="0.002" classname="calculator.CalculatorTest"/>
  <system-out/>
  <testcase name="keyaTest" time="0.001" classname="calculator.CalculatorTest"/>
  <system-out/>
  <testcase name="mackTest" time="0.000" classname="calculator.CalculatorTest"/>
  <system-out/>
  <testcase name="meronTest" time="0.001" classname="calculator.CalculatorTest"/>
  <system-out/>
  <testcase name="mack2Test" time="0.001" classname="calculator.CalculatorTest"/>
  <system-out/>
  <testcase name="mahaletTest" time="0.001" classname="calculator.CalculatorTest"/>
  <system-out/>
</testsuite> <!-- calculator.CalculatorTest -->
