<?xml version="1.0" encoding="UTF-8"?>
<testng-results skipped="0" failed="0" ignored="0" total="10" passed="10">
  <reporter-output>
  </reporter-output>
  <suite name="Default suite" duration-ms="59" started-at="2020-04-02T20:05:43 PDT" finished-at="2020-04-02T20:05:43 PDT">
    <groups>
    </groups>
    <test name="Default test" duration-ms="59" started-at="2020-04-02T20:05:43 PDT" finished-at="2020-04-02T20:05:43 PDT">
      <class name="calculator.CalculatorTest">
        <test-method status="PASS" signature="anduAlemTest()[pri:0, instance:calculator.CalculatorTest@6895a785]" name="anduAlemTest" duration-ms="10" started-at="2020-04-02T20:05:43 PDT" finished-at="2020-04-02T20:05:43 PDT">
          <reporter-output>
          </reporter-output>
        </test-method> <!-- anduAlemTest -->
        <test-method status="PASS" signature="azebTest()[pri:0, instance:calculator.CalculatorTest@6895a785]" name="azebTest" duration-ms="1" started-at="2020-04-02T20:05:43 PDT" finished-at="2020-04-02T20:05:43 PDT">
          <reporter-output>
          </reporter-output>
        </test-method> <!-- azebTest -->
        <test-method status="PASS" signature="eyerusalemTest()[pri:0, instance:calculator.CalculatorTest@6895a785]" name="eyerusalemTest" duration-ms="2" started-at="2020-04-02T20:05:43 PDT" finished-at="2020-04-02T20:05:43 PDT">
          <reporter-output>
          </reporter-output>
        </test-method> <!-- eyerusalemTest -->
        <test-method status="PASS" signature="keyaTest()[pri:0, instance:calculator.CalculatorTest@6895a785]" name="keyaTest" duration-ms="1" started-at="2020-04-02T20:05:43 PDT" finished-at="2020-04-02T20:05:43 PDT">
          <reporter-output>
          </reporter-output>
        </test-method> <!-- keyaTest -->
        <test-method status="PASS" signature="mack2Test()[pri:0, instance:calculator.CalculatorTest@6895a785]" name="mack2Test" duration-ms="1" started-at="2020-04-02T20:05:43 PDT" finished-at="2020-04-02T20:05:43 PDT">
          <reporter-output>
          </reporter-output>
        </test-method> <!-- mack2Test -->
        <test-method status="PASS" signature="mackTest()[pri:0, instance:calculator.CalculatorTest@6895a785]" name="mackTest" duration-ms="0" started-at="2020-04-02T20:05:43 PDT" finished-at="2020-04-02T20:05:43 PDT">
          <reporter-output>
          </reporter-output>
        </test-method> <!-- mackTest -->
        <test-method status="PASS" signature="mahaletTest()[pri:0, instance:calculator.CalculatorTest@6895a785]" name="mahaletTest" duration-ms="1" started-at="2020-04-02T20:05:43 PDT" finished-at="2020-04-02T20:05:43 PDT">
          <reporter-output>
          </reporter-output>
        </test-method> <!-- mahaletTest -->
        <test-method status="PASS" signature="meronTest()[pri:0, instance:calculator.CalculatorTest@6895a785]" name="meronTest" duration-ms="1" started-at="2020-04-02T20:05:43 PDT" finished-at="2020-04-02T20:05:43 PDT">
          <reporter-output>
          </reporter-output>
        </test-method> <!-- meronTest -->
        <test-method status="PASS" signature="sumTest()[pri:0, instance:calculator.CalculatorTest@6895a785]" name="sumTest" duration-ms="2" started-at="2020-04-02T20:05:43 PDT" finished-at="2020-04-02T20:05:43 PDT">
          <reporter-output>
          </reporter-output>
        </test-method> <!-- sumTest -->
        <test-method status="PASS" signature="teddyTest()[pri:0, instance:calculator.CalculatorTest@6895a785]" name="teddyTest" duration-ms="0" started-at="2020-04-02T20:05:43 PDT" finished-at="2020-04-02T20:05:43 PDT">
          <reporter-output>
          </reporter-output>
        </test-method> <!-- teddyTest -->
      </class> <!-- calculator.CalculatorTest -->
    </test> <!-- Default test -->
  </suite> <!-- Default suite -->
</testng-results>
