<?xml version="1.0" encoding="UTF-8"?>
<testng-results ignored="0" total="9" passed="9" failed="0" skipped="0">
  <reporter-output>
  </reporter-output>
  <suite started-at="2020-04-02T21:54:51 EDT" name="Default suite" finished-at="2020-04-02T21:54:51 EDT" duration-ms="45">
    <groups>
    </groups>
    <test started-at="2020-04-02T21:54:51 EDT" name="Default test" finished-at="2020-04-02T21:54:51 EDT" duration-ms="45">
      <class name="calculator.CalculatorTest">
        <test-method signature="anduAlemTest()[pri:0, instance:calculator.CalculatorTest@671a5887]" started-at="2020-04-02T21:54:51 EDT" name="anduAlemTest" finished-at="2020-04-02T21:54:51 EDT" duration-ms="7" status="PASS">
          <reporter-output>
          </reporter-output>
        </test-method> <!-- anduAlemTest -->
        <test-method signature="azebTest()[pri:0, instance:calculator.CalculatorTest@671a5887]" started-at="2020-04-02T21:54:51 EDT" name="azebTest" finished-at="2020-04-02T21:54:51 EDT" duration-ms="1" status="PASS">
          <reporter-output>
          </reporter-output>
        </test-method> <!-- azebTest -->
        <test-method signature="eyerusalemTest()[pri:0, instance:calculator.CalculatorTest@671a5887]" started-at="2020-04-02T21:54:51 EDT" name="eyerusalemTest" finished-at="2020-04-02T21:54:51 EDT" duration-ms="1" status="PASS">
          <reporter-output>
          </reporter-output>
        </test-method> <!-- eyerusalemTest -->
        <test-method signature="keyaTest()[pri:0, instance:calculator.CalculatorTest@671a5887]" started-at="2020-04-02T21:54:51 EDT" name="keyaTest" finished-at="2020-04-02T21:54:51 EDT" duration-ms="0" status="PASS">
          <reporter-output>
          </reporter-output>
        </test-method> <!-- keyaTest -->
        <test-method signature="mackTest()[pri:0, instance:calculator.CalculatorTest@671a5887]" started-at="2020-04-02T21:54:51 EDT" name="mackTest" finished-at="2020-04-02T21:54:51 EDT" duration-ms="1" status="PASS">
          <reporter-output>
          </reporter-output>
        </test-method> <!-- mackTest -->
        <test-method signature="mahaletTest()[pri:0, instance:calculator.CalculatorTest@671a5887]" started-at="2020-04-02T21:54:51 EDT" name="mahaletTest" finished-at="2020-04-02T21:54:51 EDT" duration-ms="1" status="PASS">
          <reporter-output>
          </reporter-output>
        </test-method> <!-- mahaletTest -->
        <test-method signature="meronTest()[pri:0, instance:calculator.CalculatorTest@671a5887]" started-at="2020-04-02T21:54:51 EDT" name="meronTest" finished-at="2020-04-02T21:54:51 EDT" duration-ms="0" status="PASS">
          <reporter-output>
          </reporter-output>
        </test-method> <!-- meronTest -->
        <test-method signature="sumTest()[pri:0, instance:calculator.CalculatorTest@671a5887]" started-at="2020-04-02T21:54:51 EDT" name="sumTest" finished-at="2020-04-02T21:54:51 EDT" duration-ms="1" status="PASS">
          <reporter-output>
          </reporter-output>
        </test-method> <!-- sumTest -->
        <test-method signature="teddyTest()[pri:0, instance:calculator.CalculatorTest@671a5887]" started-at="2020-04-02T21:54:51 EDT" name="teddyTest" finished-at="2020-04-02T21:54:51 EDT" duration-ms="0" status="PASS">
          <reporter-output>
          </reporter-output>
        </test-method> <!-- teddyTest -->
      </class> <!-- calculator.CalculatorTest -->
    </test> <!-- Default test -->
  </suite> <!-- Default suite -->
</testng-results>
